This is pdfTeX, Version 3.1415926-2.4-1.40.13 (MiKTeX 2.9) (preloaded format=pdflatex 2013.8.19)  31 AUG 2013 23:24
entering extended mode
**modelo_daeln.tex
(C:\Users\Ge\Desktop\tcc\monografia\daeln\modelo_daeln.tex
LaTeX2e <2011/06/27>
Babel <v3.8m> and hyphenation patterns for english, afrikaans, ancientgreek, ar
abic, armenian, assamese, basque, bengali, bokmal, bulgarian, catalan, coptic, 
croatian, czech, danish, dutch, esperanto, estonian, farsi, finnish, french, ga
lician, german, german-x-2012-05-30, greek, gujarati, hindi, hungarian, iceland
ic, indonesian, interlingua, irish, italian, kannada, kurmanji, latin, latvian,
 lithuanian, malayalam, marathi, mongolian, mongolianlmc, monogreek, ngerman, n
german-x-2012-05-30, nynorsk, oriya, panjabi, pinyin, polish, portuguese, roman
ian, russian, sanskrit, serbian, slovak, slovenian, spanish, swedish, swissgerm
an, tamil, telugu, turkish, turkmen, ukenglish, ukrainian, uppersorbian, usengl
ishmax, welsh, loaded.
(C:\Users\Ge\Desktop\tcc\monografia\daeln\abnt-UTFPR.cls
(C:\Users\Ge\Desktop\tcc\monografia\daeln\cvs-id.def)
Document Class: abnt-UTFPR 2009/11/03 v1.1
("C:\Program Files (x86)\MiKTeX 2.9\tex\latex\base\ifthen.sty"
Package: ifthen 2001/05/26 v1.1c Standard LaTeX ifthen package (DPC)
)
(C:\Users\Ge\AppData\Roaming\MiKTeX\2.9\tex\latex\lastpage\lastpage.sty
Package: lastpage 2013/01/28 v1.2l Refers to last page's name (HMM; JPG)
)
(C:\Users\Ge\AppData\Roaming\MiKTeX\2.9\tex\latex\bigfoot\perpage.sty
Package: perpage 2006/07/15 1.12 Reset/sort counters per page
\c@abspage=\count79
)
(C:\Users\Ge\Desktop\tcc\monografia\daeln\abnt.cls
(C:\Users\Ge\Desktop\tcc\monografia\daeln\cvs-id.def)
Document Class: abnt 2006/09/09 v1.32 Classe abnt (NBR6024, NBR6027, NBR6028, N
BR14724)
("C:\Program Files (x86)\MiKTeX 2.9\tex\latex\tools\calc.sty"
Package: calc 2007/08/22 v4.3 Infix arithmetic (KKT,FJ)
\calc@Acount=\count80
\calc@Bcount=\count81
\calc@Adimen=\dimen102
\calc@Bdimen=\dimen103
\calc@Askip=\skip41
\calc@Bskip=\skip42
LaTeX Info: Redefining \setlength on input line 76.
LaTeX Info: Redefining \addtolength on input line 77.
\calc@Ccount=\count82
\calc@Cskip=\skip43
)
("C:\Program Files (x86)\MiKTeX 2.9\tex\latex\tools\multicol.sty"
Package: multicol 2011/06/27 v1.7a multicolumn formatting (FMi)
\c@tracingmulticols=\count83
\mult@box=\box26
\multicol@leftmargin=\dimen104
\c@unbalance=\count84
\c@collectmore=\count85
\doublecol@number=\count86
\multicoltolerance=\count87
\multicolpretolerance=\count88
\full@width=\dimen105
\page@free=\dimen106
\premulticols=\dimen107
\postmulticols=\dimen108
\multicolsep=\skip44
\multicolbaselineskip=\skip45
\partial@page=\box27
\last@line=\box28
\mult@rightbox=\box29
\mult@grightbox=\box30
\mult@gfirstbox=\box31
\mult@firstbox=\box32
\@tempa=\box33
\@tempa=\box34
\@tempa=\box35
\@tempa=\box36
\@tempa=\box37
\@tempa=\box38
\@tempa=\box39
\@tempa=\box40
\@tempa=\box41
\@tempa=\box42
\@tempa=\box43
\@tempa=\box44
\@tempa=\box45
\@tempa=\box46
\@tempa=\box47
\@tempa=\box48
\@tempa=\box49
\c@columnbadness=\count89
\c@finalcolumnbadness=\count90
\last@try=\dimen109
\multicolovershoot=\dimen110
\multicolundershoot=\dimen111
\mult@nat@firstbox=\box50
\colbreak@box=\box51
\multicol@sort@counter=\count91
)
(C:\Users\Ge\Desktop\tcc\monografia\daeln\abntex-abrev.sty
(C:\Users\Ge\Desktop\tcc\monografia\daeln\cvs-id.def)
Package: abntex-abrev 2005/11/14 v1.4 Abreviacoes

(C:\Users\Ge\Desktop\tcc\monografia\daeln\nbr10522-1988.def
(C:\Users\Ge\Desktop\tcc\monografia\daeln\cvs-id.def)
File: nbr10522-1988.def 2003/10/13 v1.2 Abreviacoes bibliograficas (NBR10522:19
88)
)
(C:\Users\Ge\Desktop\tcc\monografia\daeln\abntex-abrev-pt_BR.def
(C:\Users\Ge\Desktop\tcc\monografia\daeln\cvs-id.def)
File: abntex-abrev-pt_BR.def 2005/11/14 v1.3 definicao de abntex-abrev, traduca
o de termos en_US/pt_BR
))
(C:\Users\Ge\Desktop\tcc\monografia\daeln\abntex-text.sty
(C:\Users\Ge\Desktop\tcc\monografia\daeln\cvs-id.def)
Package: abntex-text 2005/11/14 v1.1 abnTeX text replacements

(C:\Users\Ge\Desktop\tcc\monografia\daeln\abntex-text-pt_BR.def
(C:\Users\Ge\Desktop\tcc\monografia\daeln\cvs-id.def)
File: abntex-text-pt_BR.def 2005/12/21 v1.2 Definicao de nomes em Portugues/Bra
sil (pt_BR)
))
(C:\Users\Ge\Desktop\tcc\monografia\daeln\abntex-default-design.sty
(C:\Users\Ge\Desktop\tcc\monografia\daeln\cvs-id.def)
Package: abntex-default-design 2005/06/22 v1.2 Definicoes de design padrao do a
bntex

("C:\Program Files (x86)\MiKTeX 2.9\tex\latex\ltxmisc\relsize.sty"
Package: relsize 2003/07/04 ver 3.1


Package relsize Warning: Failed to get list of font sizes.
(relsize)                Falling back to old definition. on input line 81.

)
\ABNTanapindent=\skip46
\ABNTsignwidth=\skip47
\ABNTsignthickness=\skip48
\ABNTsignskip=\skip49
) (C:\Users\Ge\Desktop\tcc\monografia\daeln\nbr6027-1989.def)
(C:\Users\Ge\Desktop\tcc\monografia\daeln\nbr14724-2001.def)
("C:\Program Files (x86)\MiKTeX 2.9\tex\latex\base\report.cls"
Document Class: report 2007/10/19 v1.4h Standard LaTeX document class
("C:\Program Files (x86)\MiKTeX 2.9\tex\latex\base\size12.clo"
File: size12.clo 2007/10/19 v1.4h Standard LaTeX file (size option)
)
\c@part=\count92
\c@chapter=\count93
\c@section=\count94
\c@subsection=\count95
\c@subsubsection=\count96
\c@paragraph=\count97
\c@subparagraph=\count98
\c@figure=\count99
\c@table=\count100
\abovecaptionskip=\skip50
\belowcaptionskip=\skip51
\bibindent=\dimen112
)
(C:\Users\Ge\AppData\Roaming\MiKTeX\2.9\tex\latex\setspace\setspace.sty
Package: setspace 2011/12/19 v6.7a set line spacing
)
("C:\Program Files (x86)\MiKTeX 2.9\tex\latex\psnfss\mathptmx.sty"
Package: mathptmx 2005/04/12 PSNFSS-v9.2a Times w/ Math, improved (SPQR, WaS) 
LaTeX Font Info:    Redeclaring symbol font `operators' on input line 28.
LaTeX Font Info:    Overwriting symbol font `operators' in version `normal'
(Font)                  OT1/cmr/m/n --> OT1/ztmcm/m/n on input line 28.
LaTeX Font Info:    Overwriting symbol font `operators' in version `bold'
(Font)                  OT1/cmr/bx/n --> OT1/ztmcm/m/n on input line 28.
LaTeX Font Info:    Redeclaring symbol font `letters' on input line 29.
LaTeX Font Info:    Overwriting symbol font `letters' in version `normal'
(Font)                  OML/cmm/m/it --> OML/ztmcm/m/it on input line 29.
LaTeX Font Info:    Overwriting symbol font `letters' in version `bold'
(Font)                  OML/cmm/b/it --> OML/ztmcm/m/it on input line 29.
LaTeX Font Info:    Redeclaring symbol font `symbols' on input line 30.
LaTeX Font Info:    Overwriting symbol font `symbols' in version `normal'
(Font)                  OMS/cmsy/m/n --> OMS/ztmcm/m/n on input line 30.
LaTeX Font Info:    Overwriting symbol font `symbols' in version `bold'
(Font)                  OMS/cmsy/b/n --> OMS/ztmcm/m/n on input line 30.
LaTeX Font Info:    Redeclaring symbol font `largesymbols' on input line 31.
LaTeX Font Info:    Overwriting symbol font `largesymbols' in version `normal'
(Font)                  OMX/cmex/m/n --> OMX/ztmcm/m/n on input line 31.
LaTeX Font Info:    Overwriting symbol font `largesymbols' in version `bold'
(Font)                  OMX/cmex/m/n --> OMX/ztmcm/m/n on input line 31.
\symbold=\mathgroup4
\symitalic=\mathgroup5
LaTeX Font Info:    Redeclaring math alphabet \mathbf on input line 34.
LaTeX Font Info:    Overwriting math alphabet `\mathbf' in version `normal'
(Font)                  OT1/cmr/bx/n --> OT1/ptm/bx/n on input line 34.
LaTeX Font Info:    Overwriting math alphabet `\mathbf' in version `bold'
(Font)                  OT1/cmr/bx/n --> OT1/ptm/bx/n on input line 34.
LaTeX Font Info:    Redeclaring math alphabet \mathit on input line 35.
LaTeX Font Info:    Overwriting math alphabet `\mathit' in version `normal'
(Font)                  OT1/cmr/m/it --> OT1/ptm/m/it on input line 35.
LaTeX Font Info:    Overwriting math alphabet `\mathit' in version `bold'
(Font)                  OT1/cmr/bx/it --> OT1/ptm/m/it on input line 35.
LaTeX Info: Redefining \hbar on input line 50.
)
("C:\Program Files (x86)\MiKTeX 2.9\tex\latex\psnfss\helvet.sty"
Package: helvet 2005/04/12 PSNFSS-v9.2a (WaS) 

("C:\Program Files (x86)\MiKTeX 2.9\tex\latex\graphics\keyval.sty"
Package: keyval 1999/03/16 v1.13 key=value parser (DPC)
\KV@toks@=\toks14
))
("C:\Program Files (x86)\MiKTeX 2.9\tex\latex\tools\indentfirst.sty"
Package: indentfirst 1995/11/23 v1.03 Indent first paragraph (DPC)
))
\c@absfigure=\count101
\c@abstable=\count102
\c@absequation=\count103
)
(C:\Users\Ge\Desktop\tcc\monografia\daeln\abntcite.sty
(C:\Users\Ge\Desktop\tcc\monografia\daeln\cvs-id.def)
Package: abntcite 2006/04/25 v1.30 Chamadas de referencias no texto (NBR10520, 
NBR10522)
\minimumbiblabelwidth=\skip52
\ABCIauxlen=\skip53
\c@ABCIaux=\count104
\c@ABCImax=\count105

(C:\Users\Ge\Desktop\tcc\monografia\daeln\nbr10520-2002.def
(C:\Users\Ge\Desktop\tcc\monografia\daeln\cvs-id.def)
File: nbr10520-2002.def 2006/04/25 v1.4 Definicoes para abntcite (NBR10520:2002
)
)
\biblabelsep=\skip54
LaTeX Info: Redefining \newblock on input line 466.
LaTeX Info: Redefining \cite on input line 493.
\ABCItoken=\toks15
)
("C:\Program Files (x86)\MiKTeX 2.9\tex\generic\babel\babel.sty"
Package: babel 2008/07/08 v3.8m The Babel package

*************************************
* Local config file bblopts.cfg used
*
("C:\Program Files (x86)\MiKTeX 2.9\tex\latex\00miktex\bblopts.cfg"
File: bblopts.cfg 2006/07/31 v1.0 MiKTeX 'babel' configuration
)
("C:\Program Files (x86)\MiKTeX 2.9\tex\generic\babel\portuges.ldf"
Language: portuges 2008/03/18 v1.2q Portuguese support from the babel system

("C:\Program Files (x86)\MiKTeX 2.9\tex\generic\babel\babel.def"
File: babel.def 2008/07/08 v3.8m Babel common definitions
\babel@savecnt=\count106
\U@D=\dimen113
)
\l@brazil = a dialect from \language\l@portuges 
Package babel Info: Making " an active character on input line 145.
))
("C:\Program Files (x86)\MiKTeX 2.9\tex\latex\base\inputenc.sty"
Package: inputenc 2008/03/30 v1.1d Input encoding file
\inpenc@prehook=\toks16
\inpenc@posthook=\toks17

("C:\Program Files (x86)\MiKTeX 2.9\tex\latex\base\latin1.def"
File: latin1.def 2008/03/30 v1.1d Input encoding file
))
("C:\Program Files (x86)\MiKTeX 2.9\tex\latex\amsmath\amsmath.sty"
Package: amsmath 2013/01/14 v2.14 AMS math features
\@mathmargin=\skip55

For additional information on amsmath, use the `?' option.
("C:\Program Files (x86)\MiKTeX 2.9\tex\latex\amsmath\amstext.sty"
Package: amstext 2000/06/29 v2.01

("C:\Program Files (x86)\MiKTeX 2.9\tex\latex\amsmath\amsgen.sty"
File: amsgen.sty 1999/11/30 v2.0
\@emptytoks=\toks18
\ex@=\dimen114
))
("C:\Program Files (x86)\MiKTeX 2.9\tex\latex\amsmath\amsbsy.sty"
Package: amsbsy 1999/11/29 v1.2d
\pmbraise@=\dimen115
)
("C:\Program Files (x86)\MiKTeX 2.9\tex\latex\amsmath\amsopn.sty"
Package: amsopn 1999/12/14 v2.01 operator names
)
\inf@bad=\count107
LaTeX Info: Redefining \frac on input line 210.
\uproot@=\count108
\leftroot@=\count109
LaTeX Info: Redefining \overline on input line 306.
\classnum@=\count110
\DOTSCASE@=\count111
LaTeX Info: Redefining \ldots on input line 378.
LaTeX Info: Redefining \dots on input line 381.
LaTeX Info: Redefining \cdots on input line 466.
\Mathstrutbox@=\box52
\strutbox@=\box53
\big@size=\dimen116
LaTeX Font Info:    Redeclaring font encoding OML on input line 566.
LaTeX Font Info:    Redeclaring font encoding OMS on input line 567.
\macc@depth=\count112
\c@MaxMatrixCols=\count113
\dotsspace@=\muskip10
\c@parentequation=\count114
\dspbrk@lvl=\count115
\tag@help=\toks19
\row@=\count116
\column@=\count117
\maxfields@=\count118
\andhelp@=\toks20
\eqnshift@=\dimen117
\alignsep@=\dimen118
\tagshift@=\dimen119
\tagwidth@=\dimen120
\totwidth@=\dimen121
\lineht@=\dimen122
\@envbody=\toks21
\multlinegap=\skip56
\multlinetaggap=\skip57
\mathdisplay@stack=\toks22
LaTeX Info: Redefining \[ on input line 2665.
LaTeX Info: Redefining \] on input line 2666.
)
("C:\Program Files (x86)\MiKTeX 2.9\tex\latex\amsfonts\amsfonts.sty"
Package: amsfonts 2013/01/14 v3.01 Basic AMSFonts support
\symAMSa=\mathgroup6
\symAMSb=\mathgroup7
LaTeX Font Info:    Overwriting math alphabet `\mathfrak' in version `bold'
(Font)                  U/euf/m/n --> U/euf/b/n on input line 106.
)
("C:\Program Files (x86)\MiKTeX 2.9\tex\latex\amsfonts\amssymb.sty"
Package: amssymb 2013/01/14 v3.01 AMS font symbols
)
("C:\Program Files (x86)\MiKTeX 2.9\tex\latex\graphics\graphicx.sty"
Package: graphicx 1999/02/16 v1.0f Enhanced LaTeX Graphics (DPC,SPQR)

("C:\Program Files (x86)\MiKTeX 2.9\tex\latex\graphics\graphics.sty"
Package: graphics 2009/02/05 v1.0o Standard LaTeX Graphics (DPC,SPQR)

("C:\Program Files (x86)\MiKTeX 2.9\tex\latex\graphics\trig.sty"
Package: trig 1999/03/16 v1.09 sin cos tan (DPC)
)
("C:\Program Files (x86)\MiKTeX 2.9\tex\latex\00miktex\graphics.cfg"
File: graphics.cfg 2007/01/18 v1.5 graphics configuration of teTeX/TeXLive
)
Package graphics Info: Driver file: pdftex.def on input line 91.

("C:\Program Files (x86)\MiKTeX 2.9\tex\latex\pdftex-def\pdftex.def"
File: pdftex.def 2011/05/27 v0.06d Graphics/color for pdfTeX

("C:\Program Files (x86)\MiKTeX 2.9\tex\generic\oberdiek\infwarerr.sty"
Package: infwarerr 2010/04/08 v1.3 Providing info/warning/error messages (HO)
)
("C:\Program Files (x86)\MiKTeX 2.9\tex\generic\oberdiek\ltxcmds.sty"
Package: ltxcmds 2011/11/09 v1.22 LaTeX kernel commands for general use (HO)
)
\Gread@gobject=\count119
))
\Gin@req@height=\dimen123
\Gin@req@width=\dimen124
)
("C:\Program Files (x86)\MiKTeX 2.9\tex\latex\base\fixltx2e.sty"
Package: fixltx2e 2006/09/13 v1.1m fixes to LaTeX
LaTeX Info: Redefining \em on input line 420.
LaTeX Info: The control sequence `\[' is already robust on input line 471.
LaTeX Info: The control sequence `\]' is already robust on input line 472.
)
("C:\Program Files (x86)\MiKTeX 2.9\tex\latex\multirow\multirow.sty"
\bigstrutjot=\dimen125
)
(C:\Users\Ge\Desktop\tcc\monografia\daeln\modelo_daeln.aux)
LaTeX Font Info:    Checking defaults for OML/cmm/m/it on input line 46.
LaTeX Font Info:    ... okay on input line 46.
LaTeX Font Info:    Checking defaults for T1/cmr/m/n on input line 46.
LaTeX Font Info:    ... okay on input line 46.
LaTeX Font Info:    Checking defaults for OT1/cmr/m/n on input line 46.
LaTeX Font Info:    ... okay on input line 46.
LaTeX Font Info:    Checking defaults for OMS/cmsy/m/n on input line 46.
LaTeX Font Info:    ... okay on input line 46.
LaTeX Font Info:    Checking defaults for OMX/cmex/m/n on input line 46.
LaTeX Font Info:    ... okay on input line 46.
LaTeX Font Info:    Checking defaults for U/cmr/m/n on input line 46.
LaTeX Font Info:    ... okay on input line 46.
LaTeX Font Info:    Try loading font information for OT1+ptm on input line 46.

("C:\Program Files (x86)\MiKTeX 2.9\tex\latex\psnfss\ot1ptm.fd"
File: ot1ptm.fd 2001/06/04 font definitions for OT1/ptm.
)
Package lastpage Info: Please have a look at the pageslts package at
(lastpage)             http://www.ctan.org/tex-archive/ 
(lastpage)             macros/latex/contrib/pageslts/ 
(lastpage)             or
(lastpage)             http://www.ctan.org/tex-archive/ 
(lastpage)             install/macros/latex/contrib/pageslts.tds.zip
(lastpage)             ! on input line 46.

(C:\Users\Ge\AppData\Roaming\MiKTeX\2.9\tex\context\base\supp-pdf.mkii
[Loading MPS to PDF converter (version 2006.09.02).]
\scratchcounter=\count120
\scratchdimen=\dimen126
\scratchbox=\box54
\nofMPsegments=\count121
\nofMParguments=\count122
\everyMPshowfont=\toks23
\MPscratchCnt=\count123
\MPscratchDim=\dimen127
\MPnumerator=\count124
\makeMPintoPDFobject=\count125
\everyMPtoPDFconversion=\toks24
)
LaTeX Font Info:    Font shape `OT1/ptm/bx/n' in size <14.4> not available
(Font)              Font shape `OT1/ptm/b/n' tried instead on input line 48.
LaTeX Font Info:    Try loading font information for OT1+ztmcm on input line 48
.
 ("C:\Program Files (x86)\MiKTeX 2.9\tex\latex\psnfss\ot1ztmcm.fd"
File: ot1ztmcm.fd 2000/01/03 Fontinst v1.801 font definitions for OT1/ztmcm.
)
LaTeX Font Info:    Try loading font information for OML+ztmcm on input line 48
.

("C:\Program Files (x86)\MiKTeX 2.9\tex\latex\psnfss\omlztmcm.fd"
File: omlztmcm.fd 2000/01/03 Fontinst v1.801 font definitions for OML/ztmcm.
)
LaTeX Font Info:    Try loading font information for OMS+ztmcm on input line 48
.

("C:\Program Files (x86)\MiKTeX 2.9\tex\latex\psnfss\omsztmcm.fd"
File: omsztmcm.fd 2000/01/03 Fontinst v1.801 font definitions for OMS/ztmcm.
)
LaTeX Font Info:    Try loading font information for OMX+ztmcm on input line 48
.

("C:\Program Files (x86)\MiKTeX 2.9\tex\latex\psnfss\omxztmcm.fd"
File: omxztmcm.fd 2000/01/03 Fontinst v1.801 font definitions for OMX/ztmcm.
)
LaTeX Font Info:    Font shape `OT1/ptm/bx/n' in size <12> not available
(Font)              Font shape `OT1/ptm/b/n' tried instead on input line 48.
LaTeX Font Info:    Font shape `OT1/ptm/bx/n' in size <9> not available
(Font)              Font shape `OT1/ptm/b/n' tried instead on input line 48.
LaTeX Font Info:    Font shape `OT1/ptm/bx/n' in size <7> not available
(Font)              Font shape `OT1/ptm/b/n' tried instead on input line 48.
 [1

{C:/ProgramData/MiKTeX/2.9/pdftex/config/pdftex.map}] [1] [1


] [2


] [3


] [4


]
(C:\Users\Ge\Desktop\tcc\monografia\daeln\modelo_daeln.lof)
\tf@lof=\write3
 [5

]
(C:\Users\Ge\Desktop\tcc\monografia\daeln\modelo_daeln.lot)
\tf@lot=\write4
 [6

]
(C:\Users\Ge\Desktop\tcc\monografia\daeln\modelo_daeln.lsg)
\tf@lsg=\write5
 [7

]
(C:\Users\Ge\Desktop\tcc\monografia\daeln\modelo_daeln.lsb)
\tf@lsb=\write6
 [8

]
(C:\Users\Ge\Desktop\tcc\monografia\daeln\modelo_daeln.toc [9


])
\tf@toc=\write7
 [10]
(C:\Users\Ge\Desktop\tcc\monografia\daeln\intro.tex
Cap\'{\i }tulo 1.
LaTeX Font Info:    Try loading font information for OMS+ptm on input line 16.
("C:\Program Files (x86)\MiKTeX 2.9\tex\latex\psnfss\omsptm.fd"
File: omsptm.fd 
)
LaTeX Font Info:    Font shape `OMS/ptm/m/n' in size <12> not available
(Font)              Font shape `OMS/cmsy/m/n' tried instead on input line 16.
)
(C:\Users\Ge\Desktop\tcc\monografia\daeln\fund.tex [11


]
Cap\'{\i }tulo 2.

Overfull \hbox (4.1126pt too wide) in paragraph at lines 3--4
\OT1/ptm/m/n/12 hu-mano e []a gera[][]ao do si-nal de  []ECG, en-glo-bando as s
e[][]oes Fi-si-o-lo-gia do Cora[][]ao 2.1[], Forma[][]ao
 []

<./figs/heart.png, id=46, 451.6875pt x 438.13687pt>
File: ./figs/heart.png Graphic file (type png)
 <use ./figs/heart.png>
Package pdftex.def Info: ./figs/heart.png used on input line 12.
(pdftex.def)             Requested size: 273.14923pt x 264.96999pt.
LaTeX Font Info:    Font shape `OT1/ptm/bx/n' in size <10.95> not available
(Font)              Font shape `OT1/ptm/b/n' tried instead on input line 13.
LaTeX Font Info:    Font shape `OT1/ptm/bx/n' in size <8> not available
(Font)              Font shape `OT1/ptm/b/n' tried instead on input line 13.
LaTeX Font Info:    Font shape `OT1/ptm/bx/n' in size <6> not available
(Font)              Font shape `OT1/ptm/b/n' tried instead on input line 13.

[12

] <./figs/muscle.png, id=50, 371.88937pt x 430.60875pt>
File: ./figs/muscle.png Graphic file (type png)

<use ./figs/muscle.png>
Package pdftex.def Info: ./figs/muscle.png used on input line 26.
(pdftex.def)             Requested size: 273.14923pt x 316.28664pt.
 [13 <C:/Users/Ge/Desktop/tcc/monografia/daeln/figs/heart.png>]
Overfull \hbox (0.95213pt too wide) in paragraph at lines 41--42
[]\OT1/ptm/m/n/12 Estas mudan[]as no po-ten-cial el[]etrico du-rante os pro-ces
-sos de despolariza[][]ao e repolariza[][]ao
 []

[14 <C:/Users/Ge/Desktop/tcc/monografia/daeln/figs/muscle.png>] [15]
<./figs/leads.png, id=60, 275.52937pt x 271.0125pt>
File: ./figs/leads.png Graphic file (type png)
 <use ./figs/leads.png>
Package pdftex.def Info: ./figs/leads.png used on input line 107.
(pdftex.def)             Requested size: 273.14923pt x 268.69604pt.

[16 <C:/Users/Ge/Desktop/tcc/monografia/daeln/figs/leads.png>]
Overfull \hbox (8.69266pt too wide) in paragraph at lines 118--119
[]\OT1/ptm/m/n/12 Al[]em das on-das, os ele-men-tos exis-ten-tes na forma de on
da do ECG s[]ao (GA-CEK; PREDYCZ,
 []

[17] <./figs/QRS.png, id=69, 602.25pt x 259.7203pt>
File: ./figs/QRS.png Graphic file (type png)
 <use ./figs/QRS.png>
Package pdftex.def Info: ./figs/QRS.png used on input line 138.
(pdftex.def)             Requested size: 364.19667pt x 157.06587pt.

[18 <C:/Users/Ge/Desktop/tcc/monografia/daeln/figs/QRS.png>]
<./figs/TesteDiag.png, id=73, 511.9125pt x 299.61937pt>
File: ./figs/TesteDiag.png Graphic file (type png)

<use ./figs/TesteDiag.png>
Package pdftex.def Info: ./figs/TesteDiag.png used on input line 182.
(pdftex.def)             Requested size: 273.14923pt x 159.87189pt.
 [19 <C:/Users/Ge/Desktop/tcc/monografia/daeln/figs/TesteDiag.png>] <./figs/Sen
sibEspec.png, id=77, 429.10312pt x 427.5975pt>
File: ./figs/SensibEspec.png Graphic file (type png)

<use ./figs/SensibEspec.png>
Package pdftex.def Info: ./figs/SensibEspec.png used on input line 210.
(pdftex.def)             Requested size: 227.62206pt x 226.82133pt.
 <./figs/ROC.png, id=78, 427.5975pt x 406.51875pt>
File: ./figs/ROC.png Graphic file (type png)

<use ./figs/ROC.png>
Package pdftex.def Info: ./figs/ROC.png used on input line 224.
(pdftex.def)             Requested size: 182.09486pt x 173.11864pt.
 [20] [21 <C:/Users/Ge/Desktop/tcc/monografia/daeln/figs/SensibEspec.png> <C:/U
sers/Ge/Desktop/tcc/monografia/daeln/figs/ROC.png>])
[22]
Cap\'{\i }tulo 3.
<./figs/105.png, id=92, 464.4853pt x 252.945pt>
File: ./figs/105.png Graphic file (type png)
 <use ./figs/105.png>
Package pdftex.def Info: ./figs/105.png used on input line 124.
(pdftex.def)             Requested size: 318.66948pt x 173.54031pt.
 [23

]
[24 <C:/Users/Ge/Desktop/tcc/monografia/daeln/figs/105.png>] [25] [26]
Cap\'{\i }tulo 4.
[27

] [28]
Cap\'{\i }tulo 5.
[29

]
Cap\'{\i }tulo 6.
(C:\Users\Ge\Desktop\tcc\monografia\daeln\modelo_daeln.bbl [30

] [31]
Underfull \hbox (badness 4353) in paragraph at lines 10--17
[]\OT1/ptm/m/n/12 BROWN, C. D.; DA-VIS, H. T. Re-cei-ver ope-ra-ting cha-rac-te
-ris-tics cur-ves and re-
 []


Underfull \hbox (badness 10000) in paragraph at lines 10--17
\OT1/ptm/m/n/12 la-ted de-ci-sion me-a-su-res: A tu-to-rial. \OT1/ptm/b/n/12 Ch
e-mo-me-trics and In-tel-li-gent La-bo-ra-
 []


Underfull \hbox (badness 3209) in paragraph at lines 10--17
\OT1/ptm/b/n/12 tory Sys-tems\OT1/ptm/m/n/12 , v. 80, n. 1, p. 24 -- 38, 2006. 
ISSN 0169-7439. Dis-pon[]vel em:
 []


Underfull \hbox (badness 5667) in paragraph at lines 38--44
[]\OT1/ptm/m/n/12 GOLDBERGER, A. L. et al. Phy-si-o-Bank, Phy-si-o-To-ol-kit, a
nd Phy-si-o-Net: Com-
 []


Underfull \hbox (badness 10000) in paragraph at lines 38--44
\OT1/ptm/m/n/12 po-nents of a new re-se-arch re-source for com-plex phy-si-o-lo
-gic sig-nals. \OT1/ptm/b/n/12 Cir-cu-la-
 []


Underfull \hbox (badness 5726) in paragraph at lines 38--44
\OT1/ptm/b/n/12 tion\OT1/ptm/m/n/12 , v. 101, n. 23, p. e215--e220, 2000 (June 
13). Cir-cu-la-tion Elec-tro-nic Pa-
 []


Underfull \hbox (badness 10000) in paragraph at lines 38--44
\OT1/ptm/m/n/12 ges: http://circ.ahajournals.org/cgi/content/full/101/23/e215 P
MID:1085218; doi:
 []

) 
AED: lastpage setting LastPage
[32

]
+-------------------------------------------------------------------+
| Comentario, sugestao ou critica sobre o abnTeX? Entre em contato: |
|                  http://abntex.codigolivre.org.br                 |
+-------------------------------------------------------------------+
(C:\Users\Ge\Desktop\tcc\monografia\daeln\modelo_daeln.aux) ) 
Here is how much of TeX's memory you used:
 3831 strings out of 493921
 53768 string characters out of 3144885
 118304 words of memory out of 3000000
 6952 multiletter control sequences out of 15000+200000
 39778 words of font info for 92 fonts, out of 3000000 for 9000
 841 hyphenation exceptions out of 8191
 36i,13n,43p,943b,293s stack positions out of 5000i,500n,10000p,200000b,50000s
{C:/Program Files 
(x86)/MiKTeX 2.9/fonts/enc/dvips/fontname/8r.enc}<C:/Program Files (x86)/MiKTeX
 2.9/fonts/type1/public/amsfonts/cm/cmmi10.pfb><C:/Program Files (x86)/MiKTeX 2
.9/fonts/type1/public/amsfonts/cm/cmr10.pfb><C:/Program Files (x86)/MiKTeX 2.9/
fonts/type1/public/amsfonts/cm/cmsy10.pfb><C:/Users/Ge/AppData/Roaming/MiKTeX/2
.9/fonts/type1/urw/symbol/usyr.pfb><C:/Users/Ge/AppData/Roaming/MiKTeX/2.9/font
s/type1/urw/symbol/usyr.pfb><C:/Program Files (x86)/MiKTeX 2.9/fonts/type1/urw/
times/utmb8a.pfb><C:/Program Files (x86)/MiKTeX 2.9/fonts/type1/urw/times/utmr8
a.pfb><C:/Program Files (x86)/MiKTeX 2.9/fonts/type1/urw/times/utmri8a.pfb>
Output written on modelo_daeln.pdf (34 pages, 360495 bytes).
PDF statistics:
 152 PDF objects out of 1000 (max. 8388607)
 0 named destinations out of 1000 (max. 500000)
 41 words of extra memory for PDF output out of 10000 (max. 10000000)

